Drill report for panel.opm-inline.kicad_pcb
Created on Sun Dec 26 16:55:45 2021

Copper Layer Stackup:
    =============================================================
    L1 :  F.Cu                      front
    L2 :  B.Cu                      back


Drill file 'panel.opm-inline.drl' contains
    plated through holes:
    =============================================================
    T1  0.750mm  0.0295"  (456 holes)
    T2  0.800mm  0.0315"  (96 holes)
    T3  1.520mm  0.0598"  (120 holes)
    T4  3.200mm  0.1260"  (48 holes)

    Total plated holes count 720


Not plated through holes are merged with plated holes
    unplated through holes:
    =============================================================
    T5  0.500mm  0.0197"  (640 holes)
    T6  1.500mm  0.0591"  (3 holes)

    Total unplated holes count 643
